{"level":"info","message":"Login: loja246@manutencao.com (GESTOR) de ::1","timestamp":"2026-04-25T21:30:40.570Z"}
{"level":"warn","message":"connect-redis indisponível, usando MemoryStore (não recomendado para produção)","timestamp":"2026-04-25T21:32:23.695Z"}
{"level":"info","message":"🚀 Servidor rodando na porta 3001 [development]","timestamp":"2026-04-25T21:32:24.000Z"}
{"level":"error","message":"Redis error:","timestamp":"2026-04-25T21:32:24.011Z"}
{"level":"warn","message":"Redis: conexão fechada","timestamp":"2026-04-25T21:32:24.012Z"}
{"level":"warn","message":"Redis indisponível - rate limiting usará memória local","timestamp":"2026-04-25T21:32:24.013Z"}
{"level":"error","message":"Redis error:","timestamp":"2026-04-25T21:32:24.229Z"}
{"level":"warn","message":"Redis: conexão fechada","timestamp":"2026-04-25T21:32:24.230Z"}
{"level":"error","message":"Redis error:","timestamp":"2026-04-25T21:32:24.635Z"}
{"level":"warn","message":"Redis: conexão fechada","timestamp":"2026-04-25T21:32:24.635Z"}
{"level":"error","message":"Redis error:","timestamp":"2026-04-25T21:32:25.247Z"}
{"level":"warn","message":"Redis: máximo de tentativas atingido. Usando fallback em memória.","timestamp":"2026-04-25T21:32:25.247Z"}
{"level":"warn","message":"Redis: conexão fechada","timestamp":"2026-04-25T21:32:25.248Z"}
{"level":"warn","message":"connect-redis indisponível, usando MemoryStore (não recomendado para produção)","timestamp":"2026-04-25T21:32:38.070Z"}
{"level":"info","message":"🚀 Servidor rodando na porta 3001 [development]","timestamp":"2026-04-25T21:32:38.397Z"}
{"level":"error","message":"Redis error:","timestamp":"2026-04-25T21:32:38.409Z"}
{"level":"warn","message":"Redis: conexão fechada","timestamp":"2026-04-25T21:32:38.410Z"}
{"level":"warn","message":"Redis indisponível - rate limiting usará memória local","timestamp":"2026-04-25T21:32:38.411Z"}
{"level":"error","message":"Redis error:","timestamp":"2026-04-25T21:32:38.619Z"}
{"level":"warn","message":"Redis: conexão fechada","timestamp":"2026-04-25T21:32:38.620Z"}
{"level":"error","message":"Redis error:","timestamp":"2026-04-25T21:32:39.032Z"}
{"level":"warn","message":"Redis: conexão fechada","timestamp":"2026-04-25T21:32:39.033Z"}
{"level":"error","message":"Redis error:","timestamp":"2026-04-25T21:32:39.643Z"}
{"level":"warn","message":"Redis: máximo de tentativas atingido. Usando fallback em memória.","timestamp":"2026-04-25T21:32:39.644Z"}
{"level":"warn","message":"Redis: conexão fechada","timestamp":"2026-04-25T21:32:39.644Z"}
{"level":"warn","message":"connect-redis indisponível, usando MemoryStore (não recomendado para produção)","timestamp":"2026-04-25T21:32:57.846Z"}
{"level":"info","message":"🚀 Servidor rodando na porta 3001 [development]","timestamp":"2026-04-25T21:32:58.181Z"}
{"level":"error","message":"Redis error:","timestamp":"2026-04-25T21:32:58.192Z"}
{"level":"warn","message":"Redis: conexão fechada","timestamp":"2026-04-25T21:32:58.193Z"}
{"level":"warn","message":"Redis indisponível - rate limiting usará memória local","timestamp":"2026-04-25T21:32:58.193Z"}
{"level":"error","message":"Redis error:","timestamp":"2026-04-25T21:32:58.406Z"}
{"level":"warn","message":"Redis: conexão fechada","timestamp":"2026-04-25T21:32:58.406Z"}
{"level":"error","message":"Redis error:","timestamp":"2026-04-25T21:32:58.810Z"}
{"level":"warn","message":"Redis: conexão fechada","timestamp":"2026-04-25T21:32:58.810Z"}
{"level":"error","message":"Redis error:","timestamp":"2026-04-25T21:32:59.420Z"}
{"level":"warn","message":"Redis: máximo de tentativas atingido. Usando fallback em memória.","timestamp":"2026-04-25T21:32:59.421Z"}
{"level":"warn","message":"Redis: conexão fechada","timestamp":"2026-04-25T21:32:59.421Z"}
{"level":"warn","message":"connect-redis indisponível, usando MemoryStore (não recomendado para produção)","timestamp":"2026-04-25T21:33:54.956Z"}
{"level":"info","message":"🚀 Servidor rodando na porta 3001 [development]","timestamp":"2026-04-25T21:33:55.341Z"}
{"level":"error","message":"Redis error:","timestamp":"2026-04-25T21:33:55.353Z"}
{"level":"warn","message":"Redis: conexão fechada","timestamp":"2026-04-25T21:33:55.354Z"}
{"level":"warn","message":"Redis indisponível - rate limiting usará memória local","timestamp":"2026-04-25T21:33:55.355Z"}
{"level":"error","message":"Redis error:","timestamp":"2026-04-25T21:33:55.568Z"}
{"level":"warn","message":"Redis: conexão fechada","timestamp":"2026-04-25T21:33:55.569Z"}
{"level":"error","message":"Redis error:","timestamp":"2026-04-25T21:33:55.980Z"}
{"level":"warn","message":"Redis: conexão fechada","timestamp":"2026-04-25T21:33:55.980Z"}
{"level":"warn","message":"connect-redis indisponível, usando MemoryStore (não recomendado para produção)","timestamp":"2026-04-25T21:33:56.646Z"}
{"level":"info","message":"🚀 Servidor rodando na porta 3001 [development]","timestamp":"2026-04-25T21:33:56.975Z"}
{"level":"error","message":"Redis error:","timestamp":"2026-04-25T21:33:56.986Z"}
{"level":"warn","message":"Redis: conexão fechada","timestamp":"2026-04-25T21:33:56.987Z"}
{"level":"warn","message":"Redis indisponível - rate limiting usará memória local","timestamp":"2026-04-25T21:33:56.987Z"}
{"level":"error","message":"Redis error:","timestamp":"2026-04-25T21:33:57.193Z"}
{"level":"warn","message":"Redis: conexão fechada","timestamp":"2026-04-25T21:33:57.193Z"}
{"level":"error","message":"Redis error:","timestamp":"2026-04-25T21:33:57.595Z"}
{"level":"warn","message":"Redis: conexão fechada","timestamp":"2026-04-25T21:33:57.596Z"}
{"level":"error","message":"Redis error:","timestamp":"2026-04-25T21:33:58.202Z"}
{"level":"warn","message":"Redis: máximo de tentativas atingido. Usando fallback em memória.","timestamp":"2026-04-25T21:33:58.203Z"}
{"level":"warn","message":"Redis: conexão fechada","timestamp":"2026-04-25T21:33:58.204Z"}
{"level":"warn","message":"connect-redis indisponível, usando MemoryStore (não recomendado para produção)","timestamp":"2026-04-25T21:34:11.222Z"}
{"level":"info","message":"🚀 Servidor rodando na porta 3001 [development]","timestamp":"2026-04-25T21:34:11.542Z"}
{"level":"error","message":"Redis error:","timestamp":"2026-04-25T21:34:11.548Z"}
{"level":"warn","message":"Redis: conexão fechada","timestamp":"2026-04-25T21:34:11.550Z"}
{"level":"warn","message":"Redis indisponível - rate limiting usará memória local","timestamp":"2026-04-25T21:34:11.550Z"}
{"level":"error","message":"Redis error:","timestamp":"2026-04-25T21:34:11.753Z"}
{"level":"warn","message":"Redis: conexão fechada","timestamp":"2026-04-25T21:34:11.754Z"}
{"level":"error","message":"Redis error:","timestamp":"2026-04-25T21:34:12.163Z"}
{"level":"warn","message":"Redis: conexão fechada","timestamp":"2026-04-25T21:34:12.164Z"}
{"level":"error","message":"Redis error:","timestamp":"2026-04-25T21:34:12.767Z"}
{"level":"warn","message":"Redis: máximo de tentativas atingido. Usando fallback em memória.","timestamp":"2026-04-25T21:34:12.767Z"}
{"level":"warn","message":"Redis: conexão fechada","timestamp":"2026-04-25T21:34:12.768Z"}
{"level":"warn","message":"connect-redis indisponível, usando MemoryStore (não recomendado para produção)","timestamp":"2026-04-25T21:34:14.123Z"}
{"level":"info","message":"🚀 Servidor rodando na porta 3001 [development]","timestamp":"2026-04-25T21:34:14.461Z"}
{"level":"error","message":"Redis error:","timestamp":"2026-04-25T21:34:14.472Z"}
{"level":"warn","message":"Redis: conexão fechada","timestamp":"2026-04-25T21:34:14.473Z"}
{"level":"warn","message":"Redis indisponível - rate limiting usará memória local","timestamp":"2026-04-25T21:34:14.474Z"}
{"level":"error","message":"Redis error:","timestamp":"2026-04-25T21:34:14.681Z"}
{"level":"warn","message":"Redis: conexão fechada","timestamp":"2026-04-25T21:34:14.681Z"}
{"level":"error","message":"Redis error:","timestamp":"2026-04-25T21:34:15.097Z"}
{"level":"warn","message":"Redis: conexão fechada","timestamp":"2026-04-25T21:34:15.098Z"}
{"level":"error","message":"Redis error:","timestamp":"2026-04-25T21:34:15.712Z"}
{"level":"warn","message":"Redis: máximo de tentativas atingido. Usando fallback em memória.","timestamp":"2026-04-25T21:34:15.712Z"}
{"level":"warn","message":"Redis: conexão fechada","timestamp":"2026-04-25T21:34:15.713Z"}
{"level":"warn","message":"connect-redis indisponível, usando MemoryStore (não recomendado para produção)","timestamp":"2026-04-25T21:34:34.984Z"}
{"level":"info","message":"🚀 Servidor rodando na porta 3001 [development]","timestamp":"2026-04-25T21:34:35.301Z"}
{"level":"error","message":"Redis error:","timestamp":"2026-04-25T21:34:35.311Z"}
{"level":"warn","message":"Redis: conexão fechada","timestamp":"2026-04-25T21:34:35.312Z"}
{"level":"warn","message":"Redis indisponível - rate limiting usará memória local","timestamp":"2026-04-25T21:34:35.313Z"}
{"level":"error","message":"Redis error:","timestamp":"2026-04-25T21:34:35.518Z"}
{"level":"warn","message":"Redis: conexão fechada","timestamp":"2026-04-25T21:34:35.519Z"}
{"level":"error","message":"Redis error:","timestamp":"2026-04-25T21:34:35.921Z"}
{"level":"warn","message":"Redis: conexão fechada","timestamp":"2026-04-25T21:34:35.922Z"}
{"level":"error","message":"Redis error:","timestamp":"2026-04-25T21:34:36.525Z"}
{"level":"warn","message":"Redis: máximo de tentativas atingido. Usando fallback em memória.","timestamp":"2026-04-25T21:34:36.526Z"}
{"level":"warn","message":"Redis: conexão fechada","timestamp":"2026-04-25T21:34:36.527Z"}
